<?xml version="1.0" encoding="UTF-8"?>
<!-- Generated by org.testng.reporters.JUnitReportReporter -->
<testsuite skipped="0" hostname="VSCLPTEST15" name="com.vsoftAppium.test.TouchActions" tests="1" failures="0" timestamp="22 May 2019 06:59:48 GMT" time="16.640" errors="0">
  <testcase name="scrollUISelector" time="16.640" classname="com.vsoftAppium.test.TouchActions"/>
</testsuite> <!-- com.vsoftAppium.test.TouchActions -->
