<?xml version="1.0" encoding="UTF-8"?>
<!-- Generated by org.testng.reporters.JUnitReportReporter -->
<testsuite skipped="0" hostname="VSCLPTEST15" name="com.vsoftAppium.test.ScrollAndroid" tests="1" failures="0" timestamp="21 May 2019 06:43:57 GMT" time="4.618" errors="0">
  <testcase name="scrollUISelector" time="4.618" classname="com.vsoftAppium.test.ScrollAndroid"/>
</testsuite> <!-- com.vsoftAppium.test.ScrollAndroid -->
