<?xml version="1.0" encoding="UTF-8"?>
<!-- Generated by org.testng.reporters.JUnitReportReporter -->
<testsuite skipped="0" hostname="VSCLPTEST15" name="com.vsoftAppium.test.CalTest" tests="1" failures="0" timestamp="14 May 2019 06:18:40 GMT" time="3.431" errors="0">
  <testcase name="calcTest" time="3.431" classname="com.vsoftAppium.test.CalTest"/>
</testsuite> <!-- com.vsoftAppium.test.CalTest -->
